<?xml version="1.0" encoding="UTF-8"?>
<!-- Generated by org.testng.reporters.JUnitReportReporter -->
<testsuite skipped="0" hostname="DESKTOP-36QT5DK" name="com.testNG.RunTestNG" tests="5" failures="0" timestamp="2024-11-19T23:37:02 COT" time="36.798" errors="0">
  <testcase name="mercadolibreTestNG" time="0.005" classname="com.testNG.RunTestNG"/>
  <system-out/>
  <testcase name="mercadolibreCrearCuentaTestNG" time="0.001" classname="com.testNG.RunTestNG"/>
  <system-out/>
  <testcase name="mercurytoursTestNG" time="36.791" classname="com.testNG.RunTestNG"/>
  <system-out/>
  <testcase name="ToolsQAAlertsTestNG" time="0.000" classname="com.testNG.RunTestNG"/>
  <system-out/>
  <testcase name="ToolsQAWidgetsTestNG" time="0.001" classname="com.testNG.RunTestNG"/>
  <system-out/>
</testsuite> <!-- com.testNG.RunTestNG -->
